<?xml version="1.0" encoding="UTF-8"?>
<!-- Generated by org.testng.reporters.JUnitReportReporter -->
<testsuite hostname="DESKTOP-CU4V0NM" failures="0" tests="1" name="pack1.NewTest" time="0.009" errors="0" timestamp="22 Dec 2021 19:19:16 GMT" skipped="0">
  <testcase classname="pack1.NewTest" name="f" time="0.009"/>
</testsuite> <!-- pack1.NewTest -->
